C:\USERS\SMC81_000\DESKTOP\POOL-GAME-PLAYABLE\DEBUG\POOL GAME.OBJ
C:\USERS\SMC81_000\DESKTOP\POOL-GAME-PLAYABLE\DEBUG\SIMULATION.OBJ
C:\USERS\SMC81_000\DESKTOP\POOL-GAME-PLAYABLE\DEBUG\STDAFX.OBJ
C:\USERS\SMC81_000\DESKTOP\POOL-GAME-PLAYABLE\DEBUG\VC110.PDB
C:\USERS\SMC81_000\DESKTOP\POOL-GAME-PLAYABLE\DEBUG\POOL GAME.EXE
C:\USERS\SMC81_000\DESKTOP\POOL-GAME-PLAYABLE\DEBUG\POOL GAME.PDB
C:\Users\smc81_000\Desktop\Pool-Game-playable\Debug\Pool Game.obj
C:\Users\smc81_000\Desktop\Pool-Game-playable\Debug\simulation.obj
C:\Users\smc81_000\Desktop\Pool-Game-playable\Debug\stdafx.obj
C:\Users\smc81_000\Desktop\Pool-Game-playable\Debug\cl.command.1.tlog
C:\Users\smc81_000\Desktop\Pool-Game-playable\Debug\CL.read.1.tlog
C:\Users\smc81_000\Desktop\Pool-Game-playable\Debug\CL.write.1.tlog
C:\Users\smc81_000\Desktop\Pool-Game-playable\Debug\link-cvtres.read.1.tlog
C:\Users\smc81_000\Desktop\Pool-Game-playable\Debug\link-cvtres.write.1.tlog
C:\Users\smc81_000\Desktop\Pool-Game-playable\Debug\link-rc.read.1.tlog
C:\Users\smc81_000\Desktop\Pool-Game-playable\Debug\link-rc.write.1.tlog
C:\Users\smc81_000\Desktop\Pool-Game-playable\Debug\link.command.1.tlog
C:\Users\smc81_000\Desktop\Pool-Game-playable\Debug\link.read.1.tlog
C:\Users\smc81_000\Desktop\Pool-Game-playable\Debug\link.write.1.tlog
C:\Users\smc81_000\Desktop\Pool-Game-playable\Debug\vc110.idb
C:\Users\smc81_000\Desktop\Pool-Game-playable\Debug\Pool Game.pdb
C:\Users\smc81_000\Desktop\Pool-Game-playable\Debug\vc110.pdb
C:\Users\smc81_000\Desktop\Pool-Game-playable\Debug\Pool Game.exe
